Drill report for esp32-spi-hub.kicad_pcb
Created on Tue Jul  5 19:51:38 2022

Copper Layer Stackup:
    =============================================================
    L1 :  F.Cu                      front
    L2 :  In1.GND                   in1
    L3 :  In2.VCC                   in2
    L4 :  B.Cu                      back


Drill file 'esp32-spi-hub.drl' contains
    plated through holes:
    =============================================================
    T1  0.250mm  0.0098"  (388 holes)
    T2  0.600mm  0.0236"  (4 holes)  (with 4 slots)
    T3  0.800mm  0.0315"  (8 holes)

    Total plated holes count 400


Not plated through holes are merged with plated holes
    unplated through holes:
    =============================================================
    T4  0.600mm  0.0236"  (2 holes)
    T5  0.800mm  0.0315"  (2 holes)
    T6  3.000mm  0.1181"  (6 holes)

    Total unplated holes count 10
